0 info it worked if it ends with ok
1 verbose cli [ '/usr/bin/node', '/usr/bin/npm', 'install', 'bigint' ]
2 info using npm@1.2.14
3 info using node@v0.10.0
4 verbose node symlink /usr/bin/node
5 verbose read json /home/peter/package.json
6 verbose read json /home/peter/node_modules/bignum/package.json
7 verbose read json /home/peter/node_modules/hexy/package.json
8 verbose read json /home/peter/node_modules/mongodb/package.json
9 verbose read json /home/peter/node_modules/mysql/package.json
10 verbose read json /home/peter/node_modules/tinylogger/package.json
11 verbose read json /home/peter/package.json
12 verbose cache add [ 'bigint', null ]
13 verbose cache add name=undefined spec="bigint" args=["bigint",null]
14 verbose parsed url { protocol: null,
14 verbose parsed url   slashes: null,
14 verbose parsed url   auth: null,
14 verbose parsed url   host: null,
14 verbose parsed url   port: null,
14 verbose parsed url   hostname: null,
14 verbose parsed url   hash: null,
14 verbose parsed url   search: null,
14 verbose parsed url   query: null,
14 verbose parsed url   pathname: 'bigint',
14 verbose parsed url   path: 'bigint',
14 verbose parsed url   href: 'bigint' }
15 silly lockFile 5f9c9d32-bigint bigint
16 verbose lock bigint /home/peter/.npm/5f9c9d32-bigint.lock
17 silly lockFile 5f9c9d32-bigint bigint
18 silly lockFile 5f9c9d32-bigint bigint
19 verbose addNamed [ 'bigint', '' ]
20 verbose addNamed [ null, '' ]
21 silly lockFile 8616f86c-bigint bigint@
22 verbose lock bigint@ /home/peter/.npm/8616f86c-bigint.lock
23 silly addNameRange { name: 'bigint', range: '', hasData: false }
24 verbose url raw bigint
25 verbose url resolving [ 'https://registry.npmjs.org/', './bigint' ]
26 verbose url resolved https://registry.npmjs.org/bigint
27 info trying registry request attempt 1 at 14:58:53
28 verbose etag "AUQ3X5MCEMGFE84VBC1Z7TFZJ"
29 http GET https://registry.npmjs.org/bigint
30 http 304 https://registry.npmjs.org/bigint
31 silly registry.get cb [ 304,
31 silly registry.get   { server: 'CouchDB/1.2.1 (Erlang OTP/R15B03)',
31 silly registry.get     etag: '"AUQ3X5MCEMGFE84VBC1Z7TFZJ"',
31 silly registry.get     date: 'Thu, 21 Mar 2013 13:59:02 GMT',
31 silly registry.get     'content-length': '0' } ]
32 verbose etag bigint from cache
33 silly addNameRange number 2 { name: 'bigint', range: '', hasData: true }
34 silly addNameRange versions [ 'bigint',
34 silly addNameRange   [ '0.0.1',
34 silly addNameRange     '0.0.2',
34 silly addNameRange     '0.0.5',
34 silly addNameRange     '0.0.6',
34 silly addNameRange     '0.0.7',
34 silly addNameRange     '0.0.8',
34 silly addNameRange     '0.0.9',
34 silly addNameRange     '0.0.10',
34 silly addNameRange     '0.0.11',
34 silly addNameRange     '0.0.12',
34 silly addNameRange     '0.1.0',
34 silly addNameRange     '0.2.0',
34 silly addNameRange     '0.2.1',
34 silly addNameRange     '0.2.2',
34 silly addNameRange     '0.3.0',
34 silly addNameRange     '0.3.1',
34 silly addNameRange     '0.3.2',
34 silly addNameRange     '0.3.3',
34 silly addNameRange     '0.3.4',
34 silly addNameRange     '0.3.5',
34 silly addNameRange     '0.3.6',
34 silly addNameRange     '0.3.7',
34 silly addNameRange     '0.3.8',
34 silly addNameRange     '0.3.9' ] ]
35 verbose addNamed [ 'bigint', '0.3.9' ]
36 verbose addNamed [ '0.3.9', '0.3.9' ]
37 silly lockFile 86590dfc-bigint-0-3-9 bigint@0.3.9
38 verbose lock bigint@0.3.9 /home/peter/.npm/86590dfc-bigint-0-3-9.lock
39 verbose read json /home/peter/.npm/bigint/0.3.9/package/package.json
40 silly lockFile 86590dfc-bigint-0-3-9 bigint@0.3.9
41 silly lockFile 86590dfc-bigint-0-3-9 bigint@0.3.9
42 silly lockFile 8616f86c-bigint bigint@
43 silly lockFile 8616f86c-bigint bigint@
44 silly resolved [ { name: 'bigint',
44 silly resolved     version: '0.3.9',
44 silly resolved     description: 'Arbitrary-precision integer arithmetic using libgmp',
44 silly resolved     main: './index.js',
44 silly resolved     repository:
44 silly resolved      { type: 'git',
44 silly resolved        url: 'http://github.com/substack/node-bigint.git' },
44 silly resolved     keywords:
44 silly resolved      [ 'gmp',
44 silly resolved        'libgmp',
44 silly resolved        'big',
44 silly resolved        'bignum',
44 silly resolved        'bigint',
44 silly resolved        'integer',
44 silly resolved        'arithmetic',
44 silly resolved        'precision' ],
44 silly resolved     author:
44 silly resolved      { name: 'James Halliday',
44 silly resolved        email: 'mail@substack.net',
44 silly resolved        url: 'http://substack.net' },
44 silly resolved     devDependencies: { tap: '~0.2.5', put: '~0.0.6' },
44 silly resolved     license: 'MIT/X11',
44 silly resolved     engine: { node: '>=0.2.0' },
44 silly resolved     scripts: { install: 'node-waf configure build', test: 'tap test/*.js' },
44 silly resolved     readme: 'bigint\n======\n\nArbitrary precision integral arithmetic for node.js!\n\n[![build status](https://secure.travis-ci.org/substack/node-bigint.png)](http://travis-ci.org/substack/node-bigint)\n\nThis library wraps around [libgmp](http://gmplib.org/)\'s\n[integer functions](http://gmplib.org/manual/Integer-Functions.html#Integer-Functions)\nto perform infinite-precision arithmetic.\n\nexample\n=======\n\nsimple.js\n---------\n\n    var bigint = require(\'bigint\');\n    \n    var b = bigint(\'782910138827292261791972728324982\')\n        .sub(\'182373273283402171237474774728373\')\n        .div(8)\n    ;\n    console.log(b);\n\n***\n    $ node simple.js\n    <BigInt 75067108192986261319312244199576>\n\nperfect.js\n----------\n\nGenerate the perfect numbers:\n\n    // If 2**n-1 is prime, then (2**n-1) * 2**(n-1) is perfect.\n    var bigint = require(\'bigint\');\n\n    for (var n = 0; n < 100; n++) {\n        var p = bigint.pow(2, n).sub(1);\n        if (p.probPrime(50)) {\n            var perfect = p.mul(bigint.pow(2, n - 1));\n            console.log(perfect.toString());\n        }\n    }\n\n***\n\n    6\n    28\n    496\n    8128\n    33550336\n    8589869056\n    137438691328\n    2305843008139952128\n    2658455991569831744654692615953842176\n    191561942608236107294793378084303638130997321548169216\n\nmethods[0]\n==========\n\nbigint(n, base=10)\n------------------\n\nCreate a new `bigint` from `n` and a base. `n` can be a string, integer, or\nanother `bigint`.\n\nIf you pass in a string you can set the base that string is encoded in.\n\n.toString(base=10)\n------------------\n\nPrint out the `bigint` instance in the requested base as a string.\n\nbigint.fromBuffer(buf, opts)\n----------------------\n\nCreate a new `bigint` from a `Buffer`.\n\nThe default options are:\n    {\n        order : \'forward\', // low-to-high indexed word ordering\n        endian : \'big\',\n        size : 1, // number of bytes in each word\n    }\n\nNote that endian doesn\'t matter when size = 1.\n\nmethods[1]\n==========\n\nFor all of the instance methods below you can write either\n\n    bigint.method(x, y, z)\n\nor if x is a `bigint` instance``\n\n    x.method(y, z)\n\n.toNumber()\n-----------\n\nTurn a `bigint` into a `Number`. If the `bigint` is too big you\'ll lose\nprecision or you\'ll get ±`Infinity`.\n\n.toBuffer(opts)\n-------------\n\nReturn a new `Buffer` with the data from the `bigint`.\n\nThe default options are:\n    {\n        order : \'forward\', // low-to-high indexed word ordering\n        endian : \'big\',\n        size : 1, // number of bytes in each word\n    }\n\nNote that endian doesn\'t matter when size = 1.\n\n.add(n)\n-------\n\nReturn a new `bigint` containing the instance value plus `n`.\n\n.sub(n)\n-------\n\nReturn a new `bigint` containing the instance value minus `n`.\n\n.mul(n)\n-------\n\nReturn a new `bigint` containing the instance value multiplied by `n`.\n\n.div(n)\n-------\n\nReturn a new `bigint` containing the instance value integrally divided by `n`.\n\n.abs()\n------\n\nReturn a new `bigint` with the absolute value of the instance.\n\n.neg()\n------\n\nReturn a new `bigint` with the negative of the instance value.\n\n.cmp(n)\n-------\n\nCompare the instance value to `n`. Return a positive integer if `> n`, a\nnegative integer if `< n`, and 0 if `== n`.\n\n.gt(n)\n------\n\nReturn a boolean: whether the instance value is greater than n (`> n`).\n\n.ge(n)\n------\n\nReturn a boolean: whether the instance value is greater than or equal to n\n(`>= n`).\n\n.eq(n)\n------\n\nReturn a boolean: whether the instance value is equal to n (`== n`).\n\n.lt(n)\n------\n\nReturn a boolean: whether the instance value is less than n (`< n`).\n\n.le(n)\n------\n\nReturn a boolean: whether the instance value is less than or equal to n\n(`<= n`).\n\n.and(n)\n-------\n\nReturn a new `bigint` with the instance value bitwise AND (&)-ed with `n`.\n\n.or(n)\n------\n\nReturn a new `bigint` with the instance value bitwise inclusive-OR (|)-ed with\n`n`.\n\n.xor(n)\n-------\n\nReturn a new `bigint` with the instance value bitwise exclusive-OR (^)-ed with\n`n`.\n\n.mod(n)\n-------\n\nReturn a new `bigint` with the instance value modulo `n`.\n\n`m`.\n.pow(n)\n-------\n\nReturn a new `bigint` with the instance value raised to the `n`th power.\n\n.powm(n, m)\n-----------\n\nReturn a new `bigint` with the instance value raised to the `n`th power modulo\n`m`.\n\n.invertm(m)\n-----------\n\nCompute the multiplicative inverse modulo `m`.\n\n.rand()\n-------\n.rand(upperBound)\n-----------------\n\nIf `upperBound` is supplied, return a random `bigint` between the instance value\nand `upperBound - 1`, inclusive.\n\nOtherwise, return a random `bigint` between 0 and the instance value - 1,\ninclusive.\n\n.probPrime()\n------------\n\nReturn whether the bigint is:\n\n* certainly prime (true)\n* probably prime (\'maybe\')\n* certainly composite (false)\n\nusing [mpz_probab_prime](http://gmplib.org/manual/Number-Theoretic-Functions.html).\n\n.nextPrime()\n------------\n\nReturn the next prime greater than `this` using\n[mpz_nextprime](http://gmplib.org/manual/Number-Theoretic-Functions.html).\n\n.sqrt()\n-------\n\nReturn a new `bigint` that is the square root.  This truncates.\n\n.root(n)\n-------\n\nReturn a new `bigint` that is the `nth` root.  This truncates.\n\n.shiftLeft(n)\n-------\n\nReturn a new `bigint` that is the `2^n` multiple. Equivalent of the <<\noperator.\n\n.shiftRight(n)\n-------\n\nReturn a new `bigint` of the value integer divided by\n`2^n`. Equivalent of the >> operator.\n\ninstall\n=======\n\nYou\'ll need the libgmp source to compile this package. Under Debian-based systems,\n\n    sudo aptitude install libgmp3-dev\n\nOn a Mac with [Homebrew](https://github.com/mxcl/homebrew/),\n\n    brew install gmp\n\nAnd then install with [npm](http://npmjs.org):\n\n    npm install bigint\n',
44 silly resolved     readmeFilename: 'README.markdown',
44 silly resolved     _id: 'bigint@0.3.9',
44 silly resolved     _from: 'bigint@' } ]
45 info install bigint@0.3.9 into /home/peter
46 info installOne bigint@0.3.9
47 verbose from cache /home/peter/.npm/bigint/0.3.9/package/package.json
48 info /home/peter/node_modules/bigint unbuild
49 verbose read json /home/peter/node_modules/bigint/package.json
50 verbose tar unpack /home/peter/.npm/bigint/0.3.9/package.tgz
51 silly lockFile 00abac93-home-peter-node-modules-bigint /home/peter/node_modules/bigint
52 verbose lock /home/peter/node_modules/bigint /home/peter/.npm/00abac93-home-peter-node-modules-bigint.lock
53 silly lockFile a96ffafe-ter-npm-bigint-0-3-9-package-tgz /home/peter/.npm/bigint/0.3.9/package.tgz
54 verbose lock /home/peter/.npm/bigint/0.3.9/package.tgz /home/peter/.npm/a96ffafe-ter-npm-bigint-0-3-9-package-tgz.lock
55 silly gunzTarPerm modes [ '755', '644' ]
56 silly gunzTarPerm extractEntry package.json
57 silly gunzTarPerm extractEntry .npmignore
58 silly gunzTarPerm extractEntry index.js
59 silly gunzTarPerm extractEntry .travis.yml
60 silly gunzTarPerm extractEntry wscript
61 silly gunzTarPerm extractEntry test/rand.js
62 silly gunzTarPerm extractEntry test/shift.js
63 silly gunzTarPerm extractEntry test/bitwise.js
64 silly gunzTarPerm extractEntry test/arithmetic.js
65 silly gunzTarPerm extractEntry test/invertm.js
66 silly gunzTarPerm extractEntry test/pow.js
67 silly gunzTarPerm extractEntry test/mod.js
68 silly gunzTarPerm extractEntry test/bit_length.js
69 silly gunzTarPerm extractEntry test/create.js
70 silly gunzTarPerm extractEntry test/cmp.js
71 silly gunzTarPerm extractEntry test/buf.js
72 silly gunzTarPerm extractEntry test/seed.js
73 silly gunzTarPerm extractEntry test/gcd.js
74 silly gunzTarPerm extractEntry test/primes.js
75 silly gunzTarPerm extractEntry examples/gen.js
76 silly gunzTarPerm extractEntry examples/perfect.js
77 silly gunzTarPerm extractEntry examples/simple.js
78 silly gunzTarPerm extractEntry README.markdown
79 silly gunzTarPerm extractEntry bigint.cc
80 verbose read json /home/peter/node_modules/bigint/package.json
81 silly lockFile 00abac93-home-peter-node-modules-bigint /home/peter/node_modules/bigint
82 silly lockFile 00abac93-home-peter-node-modules-bigint /home/peter/node_modules/bigint
83 silly lockFile a96ffafe-ter-npm-bigint-0-3-9-package-tgz /home/peter/.npm/bigint/0.3.9/package.tgz
84 silly lockFile a96ffafe-ter-npm-bigint-0-3-9-package-tgz /home/peter/.npm/bigint/0.3.9/package.tgz
85 info preinstall bigint@0.3.9
86 verbose from cache /home/peter/node_modules/bigint/package.json
87 verbose readDependencies using package.json deps
88 verbose from cache /home/peter/node_modules/bigint/package.json
89 verbose readDependencies using package.json deps
90 silly resolved []
91 verbose about to build /home/peter/node_modules/bigint
92 info build /home/peter/node_modules/bigint
93 verbose from cache /home/peter/node_modules/bigint/package.json
94 verbose linkStuff [ false, false, false, '/home/peter/node_modules' ]
95 info linkStuff bigint@0.3.9
96 verbose linkBins bigint@0.3.9
97 verbose linkMans bigint@0.3.9
98 verbose rebuildBundles bigint@0.3.9
99 info install bigint@0.3.9
100 verbose unsafe-perm in lifecycle true
101 silly exec sh "-c" "node-waf configure build"
102 silly sh,-c,node-waf configure build,/home/peter/node_modules/bigint spawning
103 info bigint@0.3.9 Failed to exec install script
104 info /home/peter/node_modules/bigint unbuild
105 verbose from cache /home/peter/node_modules/bigint/package.json
106 info preuninstall bigint@0.3.9
107 info uninstall bigint@0.3.9
108 verbose true,/home/peter/node_modules,/home/peter/node_modules unbuild bigint@0.3.9
109 info postuninstall bigint@0.3.9
110 error bigint@0.3.9 install: `node-waf configure build`
110 error `sh "-c" "node-waf configure build"` failed with 127
111 error Failed at the bigint@0.3.9 install script.
111 error This is most likely a problem with the bigint package,
111 error not with npm itself.
111 error Tell the author that this fails on your system:
111 error     node-waf configure build
111 error You can get their info via:
111 error     npm owner ls bigint
111 error There is likely additional logging output above.
112 error System Linux 3.5.0-26-generic
113 error command "/usr/bin/node" "/usr/bin/npm" "install" "bigint"
114 error cwd /home/peter/Dropbox/git/enode
115 error node -v v0.10.0
116 error npm -v 1.2.14
117 error code ELIFECYCLE
118 verbose exit [ 1, true ]
